<?xml version="1.0" encoding="UTF-8"?>
<!-- Generated by org.testng.reporters.JUnitXMLReporter -->
<testsuite ignored="0" hostname="Chahal" failures="0" tests="4" name="Default test" time="57.241" errors="0" timestamp="2023-09-07T10:21:37 MDT">
  <testcase classname="testLayer.LoginTest" name="Title" time="0.035"/>
  <testcase classname="testLayer.LoginTest" name="Login" time="2.127"/>
  <testcase classname="testLayer.LoginTest" name="Login" time="2.136"/>
  <testcase classname="testLayer.LoginTest" name="Login" time="2.125"/>
</testsuite> <!-- Default test -->
