<?xml version="1.0" encoding="UTF-8"?>
<testng-results ignored="0" total="4" passed="4" failed="0" skipped="0">
  <reporter-output>
  </reporter-output>
  <suite started-at="2023-09-07T10:20:40 MDT" name="Default suite" finished-at="2023-09-07T10:21:37 MDT" duration-ms="57241">
    <groups>
    </groups>
    <test started-at="2023-09-07T10:20:40 MDT" name="Default test" finished-at="2023-09-07T10:21:37 MDT" duration-ms="57241">
      <class name="testLayer.LoginTest">
        <test-method is-config="true" signature="initsetup()[pri:0, instance:testLayer.LoginTest@1aafa419]" started-at="2023-09-07T10:20:40 MDT" name="initsetup" finished-at="2023-09-07T10:20:53 MDT" duration-ms="13138" status="PASS">
          <reporter-output>
          </reporter-output>
        </test-method> <!-- initsetup -->
        <test-method signature="Title()[pri:1, instance:testLayer.LoginTest@1aafa419]" started-at="2023-09-07T10:20:53 MDT" name="Title" finished-at="2023-09-07T10:20:53 MDT" duration-ms="35" status="PASS">
          <reporter-output>
          </reporter-output>
        </test-method> <!-- Title -->
        <test-method is-config="true" signature="close()[pri:0, instance:testLayer.LoginTest@1aafa419]" started-at="2023-09-07T10:20:53 MDT" name="close" finished-at="2023-09-07T10:20:55 MDT" duration-ms="2049" status="PASS">
          <reporter-output>
          </reporter-output>
        </test-method> <!-- close -->
        <test-method is-config="true" signature="initsetup()[pri:0, instance:testLayer.LoginTest@1aafa419]" started-at="2023-09-07T10:20:56 MDT" name="initsetup" finished-at="2023-09-07T10:21:06 MDT" duration-ms="9297" status="PASS">
          <reporter-output>
          </reporter-output>
        </test-method> <!-- initsetup -->
        <test-method signature="Login(java.lang.String,java.lang.String)[pri:2, instance:testLayer.LoginTest@1aafa419]" started-at="2023-09-07T10:21:06 MDT" name="Login" data-provider="Details" finished-at="2023-09-07T10:21:08 MDT" duration-ms="2127" status="PASS">
          <params>
            <param index="0">
              <value>
                <![CDATA[Admin]]>
              </value>
            </param>
            <param index="1">
              <value>
                <![CDATA[admin123]]>
              </value>
            </param>
          </params>
          <reporter-output>
          </reporter-output>
        </test-method> <!-- Login -->
        <test-method is-config="true" signature="close()[pri:0, instance:testLayer.LoginTest@1aafa419]" started-at="2023-09-07T10:21:08 MDT" name="close" finished-at="2023-09-07T10:21:10 MDT" duration-ms="1828" status="PASS">
          <reporter-output>
          </reporter-output>
        </test-method> <!-- close -->
        <test-method is-config="true" signature="initsetup()[pri:0, instance:testLayer.LoginTest@1aafa419]" started-at="2023-09-07T10:21:10 MDT" name="initsetup" finished-at="2023-09-07T10:21:20 MDT" duration-ms="10604" status="PASS">
          <reporter-output>
          </reporter-output>
        </test-method> <!-- initsetup -->
        <test-method signature="Login(java.lang.String,java.lang.String)[pri:2, instance:testLayer.LoginTest@1aafa419]" started-at="2023-09-07T10:21:20 MDT" name="Login" data-provider="Details" finished-at="2023-09-07T10:21:22 MDT" duration-ms="2136" status="PASS">
          <params>
            <param index="0">
              <value>
                <![CDATA[Admin]]>
              </value>
            </param>
            <param index="1">
              <value>
                <![CDATA[abcd]]>
              </value>
            </param>
          </params>
          <reporter-output>
          </reporter-output>
        </test-method> <!-- Login -->
        <test-method is-config="true" signature="close()[pri:0, instance:testLayer.LoginTest@1aafa419]" started-at="2023-09-07T10:21:22 MDT" name="close" finished-at="2023-09-07T10:21:24 MDT" duration-ms="1859" status="PASS">
          <reporter-output>
          </reporter-output>
        </test-method> <!-- close -->
        <test-method is-config="true" signature="initsetup()[pri:0, instance:testLayer.LoginTest@1aafa419]" started-at="2023-09-07T10:21:24 MDT" name="initsetup" finished-at="2023-09-07T10:21:33 MDT" duration-ms="8890" status="PASS">
          <reporter-output>
          </reporter-output>
        </test-method> <!-- initsetup -->
        <test-method signature="Login(java.lang.String,java.lang.String)[pri:2, instance:testLayer.LoginTest@1aafa419]" started-at="2023-09-07T10:21:33 MDT" name="Login" data-provider="Details" finished-at="2023-09-07T10:21:35 MDT" duration-ms="2125" status="PASS">
          <params>
            <param index="0">
              <value>
                <![CDATA[Scott]]>
              </value>
            </param>
            <param index="1">
              <value>
                <![CDATA[xyz]]>
              </value>
            </param>
          </params>
          <reporter-output>
          </reporter-output>
        </test-method> <!-- Login -->
        <test-method is-config="true" signature="close()[pri:0, instance:testLayer.LoginTest@1aafa419]" started-at="2023-09-07T10:21:35 MDT" name="close" finished-at="2023-09-07T10:21:37 MDT" duration-ms="1722" status="PASS">
          <reporter-output>
          </reporter-output>
        </test-method> <!-- close -->
      </class> <!-- testLayer.LoginTest -->
    </test> <!-- Default test -->
  </suite> <!-- Default suite -->
</testng-results>
